********************************************************************************
DUPLICATOR-LITE PACKAGE-LOG: 9th October 2018 9:17 am
NOTICE: Do NOT post to public sites or forums 
********************************************************************************
VERSION:	1.2.48
WORDPRESS:	4.9.8
PHP INFO:	5.5.3 | SAPI: apache2handler
SERVER:		Apache/2.2.25 (Unix) mod_ssl/2.2.25 OpenSSL/0.9.8zh DAV/2 PHP/5.5.3 
PHP TIME LIMIT: (0) no time limit imposed 
PHP MAX MEMORY: 2048M (256M default) 
MEMORY STACK: 18MB 

********************************************************************************
DATABASE:
********************************************************************************
BUILD MODE:   PHP(query limit - 100)
MYSQLTIMEOUT: 5000
MYSQLDUMP:    Not Supported 
TABLES: total:15 | filtered:0 | create:15 
FILTERED: [] 
SQL CREATED: package_drumlessonsn8_d2306e9cb79e2c0b7835_20181009091008_database.sql 
SQL FILE SIZE: 2.58MB (2703633) 
SQL FILE TIME: 2018-10-09 09:17:15 
SQL RUNTIME: 0.84 sec. 

******************************************************************************** 
ARCHIVE (ZIP): 
******************************************************************************** 
ARCHIVE DIR:  /Users/jamesbennetts/Sites/wordpress/wp_drum-lessons-n8 
ARCHIVE FILE: package_drumlessonsn8_d2306e9cb79e2c0b7835_20181009091008_archive.zip 
FILTERS: *OFF* 
DIRS:
	not set 
FILES:
	not set 
EXTS:  not set 
---------------------------------------- 
COMPRESSING 
SIZE:	120.59MB 
STATS:	Dirs 943 | Files 11,262 
SQL ADDED: package_drumlessonsn8_d2306e9cb79e2c0b7835_20181009091008_database.sql 
ZipArchive Object
(
    [status] => 0
    [statusSys] => 0
    [numFiles] => 12205
    [filename] => /Users/jamesbennetts/Sites/wordpress/wp_drum-lessons-n8/wp-snapshots/tmp/package_drumlessonsn8_d2306e9cb79e2c0b7835_20181009091008_archive.zip
    [comment] => 
)
 
COMPRESSION RESULT: '1' 
COMPRESSED SIZE: 72.23MB 
ARCHIVE RUNTIME: 129.93 sec. 
MEMORY STACK: 22.5MB 

******************************************************************************** 
MAKE INSTALLER: 
******************************************************************************** 
Build Start 
Build Finished 
Preparing for use 
PACK SIZE:  
Template parsed with new data 
Complete [/Users/jamesbennetts/Sites/wordpress/wp_drum-lessons-n8/wp-snapshots/tmp/package_drumlessonsn8_d2306e9cb79e2c0b7835_20181009091008_installer.php] 
Added to archive 

******************************************************************************** 
INTEGRITY CHECKS: 
******************************************************************************** 
SQL File: 2.58MB 
Installer File: 474.17KB 
Archive File: 72.23MB  

********************************************************************************
RECORD ID:[1]
TOTAL PROCESS RUNTIME: 139.57 sec.
PEAK PHP MEMORY USED: 25.25MB
DONE PROCESSING => package_drumlessonsn8 9th October 2018 9:19 am
 
